[2024-09-15T14:13:21.702+0000] {manager.py:486} INFO - Processing files using up to 2 processes at a time 
[2024-09-15T14:13:21.706+0000] {manager.py:487} INFO - Process each file at most once every 30 seconds
[2024-09-15T14:13:21.709+0000] {manager.py:488} INFO - Checking for new files in /opt/airflow/dags every 300 seconds
[2024-09-15T14:13:21.715+0000] {manager.py:832} INFO - Searching for files in /opt/airflow/dags
[2024-09-15T14:13:22.498+0000] {manager.py:835} INFO - There are 1 files in /opt/airflow/dags
[2024-09-15T14:13:23.129+0000] {manager.py:1008} INFO - 
================================================================================
DAG File Processing Stats

File Path                               PID  Runtime      # DAGs    # Errors  Last Runtime    Last Run      Last # of DB Queries
------------------------------------  -----  ---------  --------  ----------  --------------  ----------  ----------------------
/opt/airflow/dags/kafka_streaming.py     21  0.13s             0           0                                                   0
================================================================================
[2024-09-15T14:13:53.480+0000] {manager.py:1008} INFO - 
================================================================================
DAG File Processing Stats

File Path                             PID    Runtime      # DAGs    # Errors  Last Runtime    Last Run               Last # of DB Queries
------------------------------------  -----  ---------  --------  ----------  --------------  -------------------  ----------------------
/opt/airflow/dags/kafka_streaming.py                           1           0  3.14s           2024-09-15T14:13:25                      34
================================================================================
[2024-09-15T14:14:23.587+0000] {manager.py:1008} INFO - 
================================================================================
DAG File Processing Stats

File Path                             PID    Runtime      # DAGs    # Errors  Last Runtime    Last Run               Last # of DB Queries
------------------------------------  -----  ---------  --------  ----------  --------------  -------------------  ----------------------
/opt/airflow/dags/kafka_streaming.py                           1           0  1.31s           2024-09-15T14:13:57                      34
================================================================================
[2024-09-15T14:14:54.155+0000] {manager.py:1008} INFO - 
================================================================================
DAG File Processing Stats

File Path                             PID    Runtime      # DAGs    # Errors  Last Runtime    Last Run               Last # of DB Queries
------------------------------------  -----  ---------  --------  ----------  --------------  -------------------  ----------------------
/opt/airflow/dags/kafka_streaming.py                           1           0  0.96s           2024-09-15T14:14:29                      34
================================================================================
[2024-09-15T14:15:24.750+0000] {manager.py:1008} INFO - 
================================================================================
DAG File Processing Stats

File Path                             PID    Runtime      # DAGs    # Errors  Last Runtime    Last Run               Last # of DB Queries
------------------------------------  -----  ---------  --------  ----------  --------------  -------------------  ----------------------
/opt/airflow/dags/kafka_streaming.py                           1           0  0.91s           2024-09-15T14:15:01                      34
================================================================================
[2024-09-15T14:15:55.400+0000] {manager.py:1008} INFO - 
================================================================================
DAG File Processing Stats

File Path                             PID    Runtime      # DAGs    # Errors  Last Runtime    Last Run               Last # of DB Queries
------------------------------------  -----  ---------  --------  ----------  --------------  -------------------  ----------------------
/opt/airflow/dags/kafka_streaming.py                           1           0  1.16s           2024-09-15T14:15:33                      34
================================================================================
[2024-09-15T14:16:25.495+0000] {manager.py:1008} INFO - 
================================================================================
DAG File Processing Stats

File Path                             PID    Runtime      # DAGs    # Errors  Last Runtime    Last Run               Last # of DB Queries
------------------------------------  -----  ---------  --------  ----------  --------------  -------------------  ----------------------
/opt/airflow/dags/kafka_streaming.py                           1           0  0.42s           2024-09-15T14:16:03                      34
================================================================================
[2024-09-15T14:16:55.558+0000] {manager.py:1008} INFO - 
================================================================================
DAG File Processing Stats

File Path                             PID    Runtime      # DAGs    # Errors  Last Runtime    Last Run               Last # of DB Queries
------------------------------------  -----  ---------  --------  ----------  --------------  -------------------  ----------------------
/opt/airflow/dags/kafka_streaming.py                           1           0  0.40s           2024-09-15T14:16:34                      34
================================================================================
[2024-09-15T14:17:25.561+0000] {manager.py:1008} INFO - 
================================================================================
DAG File Processing Stats

File Path                             PID    Runtime      # DAGs    # Errors  Last Runtime    Last Run               Last # of DB Queries
------------------------------------  -----  ---------  --------  ----------  --------------  -------------------  ----------------------
/opt/airflow/dags/kafka_streaming.py                           1           0  1.29s           2024-09-15T14:17:06                      34
================================================================================
[2024-09-15T14:17:55.595+0000] {manager.py:1008} INFO - 
================================================================================
DAG File Processing Stats

File Path                             PID    Runtime      # DAGs    # Errors  Last Runtime    Last Run               Last # of DB Queries
------------------------------------  -----  ---------  --------  ----------  --------------  -------------------  ----------------------
/opt/airflow/dags/kafka_streaming.py                           1           0  2.64s           2024-09-15T14:17:39                      34
================================================================================
[2024-09-15T14:18:21.828+0000] {manager.py:832} INFO - Searching for files in /opt/airflow/dags
[2024-09-15T14:18:21.980+0000] {manager.py:835} INFO - There are 1 files in /opt/airflow/dags
[2024-09-15T14:18:26.211+0000] {manager.py:1008} INFO - 
================================================================================
DAG File Processing Stats

File Path                             PID    Runtime      # DAGs    # Errors  Last Runtime    Last Run               Last # of DB Queries
------------------------------------  -----  ---------  --------  ----------  --------------  -------------------  ----------------------
/opt/airflow/dags/kafka_streaming.py                           1           0  1.17s           2024-09-15T14:18:10                      34
================================================================================
[2024-09-15T14:18:56.623+0000] {manager.py:1008} INFO - 
================================================================================
DAG File Processing Stats

File Path                             PID    Runtime      # DAGs    # Errors  Last Runtime    Last Run               Last # of DB Queries
------------------------------------  -----  ---------  --------  ----------  --------------  -------------------  ----------------------
/opt/airflow/dags/kafka_streaming.py                           1           0  0.41s           2024-09-15T14:18:42                      34
================================================================================
[2024-09-15T14:19:26.884+0000] {manager.py:1008} INFO - 
================================================================================
DAG File Processing Stats

File Path                             PID    Runtime      # DAGs    # Errors  Last Runtime    Last Run               Last # of DB Queries
------------------------------------  -----  ---------  --------  ----------  --------------  -------------------  ----------------------
/opt/airflow/dags/kafka_streaming.py                           1           0  0.49s           2024-09-15T14:19:13                      34
================================================================================
[2024-09-15T14:19:57.101+0000] {manager.py:1008} INFO - 
================================================================================
DAG File Processing Stats

File Path                             PID    Runtime      # DAGs    # Errors  Last Runtime    Last Run               Last # of DB Queries
------------------------------------  -----  ---------  --------  ----------  --------------  -------------------  ----------------------
/opt/airflow/dags/kafka_streaming.py                           1           0  2.08s           2024-09-15T14:19:45                      34
================================================================================
[2024-09-15T14:20:27.896+0000] {manager.py:1008} INFO - 
================================================================================
DAG File Processing Stats

File Path                             PID    Runtime      # DAGs    # Errors  Last Runtime    Last Run               Last # of DB Queries
------------------------------------  -----  ---------  --------  ----------  --------------  -------------------  ----------------------
/opt/airflow/dags/kafka_streaming.py                           1           0  1.23s           2024-09-15T14:20:17                      34
================================================================================
[2024-09-15T14:20:57.998+0000] {manager.py:1008} INFO - 
================================================================================
DAG File Processing Stats

File Path                             PID    Runtime      # DAGs    # Errors  Last Runtime    Last Run               Last # of DB Queries
------------------------------------  -----  ---------  --------  ----------  --------------  -------------------  ----------------------
/opt/airflow/dags/kafka_streaming.py                           1           0  1.19s           2024-09-15T14:20:49                      34
================================================================================
