[2024-09-17T00:00:08.792+0000] {processor.py:157} INFO - Started process (PID=452) to work on /opt/airflow/dags/full_etl_pipeline_dag.py
[2024-09-17T00:00:08.795+0000] {processor.py:829} INFO - Processing file /opt/airflow/dags/full_etl_pipeline_dag.py for tasks to queue
[2024-09-17T00:00:08.799+0000] {logging_mixin.py:151} INFO - [2024-09-17T00:00:08.798+0000] {dagbag.py:539} INFO - Filling up the DagBag from /opt/airflow/dags/full_etl_pipeline_dag.py
[2024-09-17T00:00:09.116+0000] {processor.py:839} INFO - DAG(s) dict_keys(['user_automate']) retrieved from /opt/airflow/dags/full_etl_pipeline_dag.py
[2024-09-17T00:00:09.596+0000] {logging_mixin.py:151} INFO - [2024-09-17T00:00:09.595+0000] {dag.py:2907} INFO - Sync 1 DAGs
[2024-09-17T00:00:09.674+0000] {logging_mixin.py:151} INFO - [2024-09-17T00:00:09.674+0000] {dag.py:3677} INFO - Setting next_dagrun for user_automate to 2024-09-12T10:00:00+00:00, run_after=2024-09-13T10:00:00+00:00
[2024-09-17T00:00:09.746+0000] {processor.py:179} INFO - Processing /opt/airflow/dags/full_etl_pipeline_dag.py took 0.961 seconds
[2024-09-17T00:00:40.103+0000] {processor.py:157} INFO - Started process (PID=453) to work on /opt/airflow/dags/full_etl_pipeline_dag.py
[2024-09-17T00:00:40.105+0000] {processor.py:829} INFO - Processing file /opt/airflow/dags/full_etl_pipeline_dag.py for tasks to queue
[2024-09-17T00:00:40.108+0000] {logging_mixin.py:151} INFO - [2024-09-17T00:00:40.107+0000] {dagbag.py:539} INFO - Filling up the DagBag from /opt/airflow/dags/full_etl_pipeline_dag.py
[2024-09-17T00:00:40.475+0000] {processor.py:839} INFO - DAG(s) dict_keys(['user_automate']) retrieved from /opt/airflow/dags/full_etl_pipeline_dag.py
[2024-09-17T00:00:41.177+0000] {logging_mixin.py:151} INFO - [2024-09-17T00:00:41.177+0000] {dag.py:2907} INFO - Sync 1 DAGs
[2024-09-17T00:00:41.250+0000] {logging_mixin.py:151} INFO - [2024-09-17T00:00:41.250+0000] {dag.py:3677} INFO - Setting next_dagrun for user_automate to 2024-09-12T10:00:00+00:00, run_after=2024-09-13T10:00:00+00:00
[2024-09-17T00:00:41.332+0000] {processor.py:179} INFO - Processing /opt/airflow/dags/full_etl_pipeline_dag.py took 1.235 seconds
[2024-09-17T00:01:11.461+0000] {processor.py:157} INFO - Started process (PID=454) to work on /opt/airflow/dags/full_etl_pipeline_dag.py
[2024-09-17T00:01:11.463+0000] {processor.py:829} INFO - Processing file /opt/airflow/dags/full_etl_pipeline_dag.py for tasks to queue
[2024-09-17T00:01:11.466+0000] {logging_mixin.py:151} INFO - [2024-09-17T00:01:11.465+0000] {dagbag.py:539} INFO - Filling up the DagBag from /opt/airflow/dags/full_etl_pipeline_dag.py
[2024-09-17T00:01:11.801+0000] {processor.py:839} INFO - DAG(s) dict_keys(['user_automate']) retrieved from /opt/airflow/dags/full_etl_pipeline_dag.py
[2024-09-17T00:01:12.101+0000] {logging_mixin.py:151} INFO - [2024-09-17T00:01:12.101+0000] {dag.py:2907} INFO - Sync 1 DAGs
[2024-09-17T00:01:12.156+0000] {logging_mixin.py:151} INFO - [2024-09-17T00:01:12.156+0000] {dag.py:3677} INFO - Setting next_dagrun for user_automate to 2024-09-12T10:00:00+00:00, run_after=2024-09-13T10:00:00+00:00
[2024-09-17T00:01:12.256+0000] {processor.py:179} INFO - Processing /opt/airflow/dags/full_etl_pipeline_dag.py took 0.802 seconds
[2024-09-17T00:01:43.065+0000] {processor.py:157} INFO - Started process (PID=455) to work on /opt/airflow/dags/full_etl_pipeline_dag.py
[2024-09-17T00:01:43.067+0000] {processor.py:829} INFO - Processing file /opt/airflow/dags/full_etl_pipeline_dag.py for tasks to queue
[2024-09-17T00:01:43.070+0000] {logging_mixin.py:151} INFO - [2024-09-17T00:01:43.069+0000] {dagbag.py:539} INFO - Filling up the DagBag from /opt/airflow/dags/full_etl_pipeline_dag.py
[2024-09-17T00:01:43.412+0000] {processor.py:839} INFO - DAG(s) dict_keys(['user_automate']) retrieved from /opt/airflow/dags/full_etl_pipeline_dag.py
[2024-09-17T00:01:43.700+0000] {logging_mixin.py:151} INFO - [2024-09-17T00:01:43.700+0000] {dag.py:2907} INFO - Sync 1 DAGs
[2024-09-17T00:01:43.781+0000] {logging_mixin.py:151} INFO - [2024-09-17T00:01:43.781+0000] {dag.py:3677} INFO - Setting next_dagrun for user_automate to 2024-09-12T10:00:00+00:00, run_after=2024-09-13T10:00:00+00:00
[2024-09-17T00:01:43.854+0000] {processor.py:179} INFO - Processing /opt/airflow/dags/full_etl_pipeline_dag.py took 0.796 seconds
[2024-09-17T00:02:14.250+0000] {processor.py:157} INFO - Started process (PID=456) to work on /opt/airflow/dags/full_etl_pipeline_dag.py
[2024-09-17T00:02:14.252+0000] {processor.py:829} INFO - Processing file /opt/airflow/dags/full_etl_pipeline_dag.py for tasks to queue
[2024-09-17T00:02:14.255+0000] {logging_mixin.py:151} INFO - [2024-09-17T00:02:14.254+0000] {dagbag.py:539} INFO - Filling up the DagBag from /opt/airflow/dags/full_etl_pipeline_dag.py
[2024-09-17T00:02:14.616+0000] {processor.py:839} INFO - DAG(s) dict_keys(['user_automate']) retrieved from /opt/airflow/dags/full_etl_pipeline_dag.py
[2024-09-17T00:02:14.893+0000] {logging_mixin.py:151} INFO - [2024-09-17T00:02:14.892+0000] {dag.py:2907} INFO - Sync 1 DAGs
[2024-09-17T00:02:14.949+0000] {logging_mixin.py:151} INFO - [2024-09-17T00:02:14.949+0000] {dag.py:3677} INFO - Setting next_dagrun for user_automate to 2024-09-12T10:00:00+00:00, run_after=2024-09-13T10:00:00+00:00
[2024-09-17T00:02:15.018+0000] {processor.py:179} INFO - Processing /opt/airflow/dags/full_etl_pipeline_dag.py took 0.775 seconds
