[2024-09-16T10:59:21.454+0000] {processor.py:186} INFO - Started process (PID=22) to work on /opt/airflow/dags/kafka_streaming.py
[2024-09-16T10:59:21.461+0000] {processor.py:914} INFO - Processing file /opt/airflow/dags/kafka_streaming.py for tasks to queue
[2024-09-16T10:59:21.476+0000] {logging_mixin.py:190} INFO - [2024-09-16T10:59:21.472+0000] {dagbag.py:587} INFO - Filling up the DagBag from /opt/airflow/dags/kafka_streaming.py
[2024-09-16T10:59:21.920+0000] {processor.py:925} INFO - DAG(s) 'user_automate' retrieved from /opt/airflow/dags/kafka_streaming.py
[2024-09-16T10:59:22.663+0000] {logging_mixin.py:190} INFO - [2024-09-16T10:59:22.663+0000] {dag.py:3229} INFO - Sync 1 DAGs
[2024-09-16T10:59:22.813+0000] {logging_mixin.py:190} INFO - [2024-09-16T10:59:22.812+0000] {dag.py:4156} INFO - Setting next_dagrun for user_automate to 2024-09-16 10:00:00+00:00, run_after=2024-09-17 10:00:00+00:00
[2024-09-16T10:59:22.892+0000] {processor.py:208} INFO - Processing /opt/airflow/dags/kafka_streaming.py took 1.480 seconds
[2024-09-16T10:59:53.167+0000] {processor.py:186} INFO - Started process (PID=26) to work on /opt/airflow/dags/kafka_streaming.py
[2024-09-16T10:59:53.170+0000] {processor.py:914} INFO - Processing file /opt/airflow/dags/kafka_streaming.py for tasks to queue
[2024-09-16T10:59:53.182+0000] {logging_mixin.py:190} INFO - [2024-09-16T10:59:53.180+0000] {dagbag.py:587} INFO - Filling up the DagBag from /opt/airflow/dags/kafka_streaming.py
[2024-09-16T10:59:53.516+0000] {processor.py:925} INFO - DAG(s) 'user_automate' retrieved from /opt/airflow/dags/kafka_streaming.py
[2024-09-16T10:59:54.009+0000] {logging_mixin.py:190} INFO - [2024-09-16T10:59:54.009+0000] {dag.py:3229} INFO - Sync 1 DAGs
[2024-09-16T10:59:54.169+0000] {logging_mixin.py:190} INFO - [2024-09-16T10:59:54.167+0000] {dag.py:4156} INFO - Setting next_dagrun for user_automate to 2024-09-16 10:00:00+00:00, run_after=2024-09-17 10:00:00+00:00
[2024-09-16T10:59:54.246+0000] {processor.py:208} INFO - Processing /opt/airflow/dags/kafka_streaming.py took 1.144 seconds
[2024-09-16T11:00:24.576+0000] {processor.py:186} INFO - Started process (PID=27) to work on /opt/airflow/dags/kafka_streaming.py
[2024-09-16T11:00:24.578+0000] {processor.py:914} INFO - Processing file /opt/airflow/dags/kafka_streaming.py for tasks to queue
[2024-09-16T11:00:24.586+0000] {logging_mixin.py:190} INFO - [2024-09-16T11:00:24.584+0000] {dagbag.py:587} INFO - Filling up the DagBag from /opt/airflow/dags/kafka_streaming.py
[2024-09-16T11:00:24.873+0000] {processor.py:925} INFO - DAG(s) 'user_automate' retrieved from /opt/airflow/dags/kafka_streaming.py
[2024-09-16T11:00:25.354+0000] {logging_mixin.py:190} INFO - [2024-09-16T11:00:25.353+0000] {dag.py:3229} INFO - Sync 1 DAGs
[2024-09-16T11:00:25.435+0000] {logging_mixin.py:190} INFO - [2024-09-16T11:00:25.434+0000] {dag.py:4156} INFO - Setting next_dagrun for user_automate to 2024-09-16 10:00:00+00:00, run_after=2024-09-17 10:00:00+00:00
[2024-09-16T11:00:25.505+0000] {processor.py:208} INFO - Processing /opt/airflow/dags/kafka_streaming.py took 0.961 seconds
[2024-09-16T11:00:56.072+0000] {processor.py:186} INFO - Started process (PID=28) to work on /opt/airflow/dags/kafka_streaming.py
[2024-09-16T11:00:56.080+0000] {processor.py:914} INFO - Processing file /opt/airflow/dags/kafka_streaming.py for tasks to queue
[2024-09-16T11:00:56.093+0000] {logging_mixin.py:190} INFO - [2024-09-16T11:00:56.092+0000] {dagbag.py:587} INFO - Filling up the DagBag from /opt/airflow/dags/kafka_streaming.py
[2024-09-16T11:00:56.414+0000] {processor.py:925} INFO - DAG(s) 'user_automate' retrieved from /opt/airflow/dags/kafka_streaming.py
[2024-09-16T11:00:56.873+0000] {logging_mixin.py:190} INFO - [2024-09-16T11:00:56.873+0000] {dag.py:3229} INFO - Sync 1 DAGs
[2024-09-16T11:00:56.987+0000] {logging_mixin.py:190} INFO - [2024-09-16T11:00:56.986+0000] {dag.py:4156} INFO - Setting next_dagrun for user_automate to 2024-09-16 10:00:00+00:00, run_after=2024-09-17 10:00:00+00:00
[2024-09-16T11:00:57.082+0000] {processor.py:208} INFO - Processing /opt/airflow/dags/kafka_streaming.py took 1.058 seconds
[2024-09-16T11:01:27.594+0000] {processor.py:186} INFO - Started process (PID=29) to work on /opt/airflow/dags/kafka_streaming.py
[2024-09-16T11:01:27.597+0000] {processor.py:914} INFO - Processing file /opt/airflow/dags/kafka_streaming.py for tasks to queue
[2024-09-16T11:01:27.608+0000] {logging_mixin.py:190} INFO - [2024-09-16T11:01:27.602+0000] {dagbag.py:587} INFO - Filling up the DagBag from /opt/airflow/dags/kafka_streaming.py
[2024-09-16T11:01:27.999+0000] {processor.py:925} INFO - DAG(s) 'user_automate' retrieved from /opt/airflow/dags/kafka_streaming.py
[2024-09-16T11:01:28.696+0000] {logging_mixin.py:190} INFO - [2024-09-16T11:01:28.696+0000] {dag.py:3229} INFO - Sync 1 DAGs
[2024-09-16T11:01:28.780+0000] {logging_mixin.py:190} INFO - [2024-09-16T11:01:28.780+0000] {dag.py:4156} INFO - Setting next_dagrun for user_automate to 2024-09-16 10:00:00+00:00, run_after=2024-09-17 10:00:00+00:00
[2024-09-16T11:01:28.842+0000] {processor.py:208} INFO - Processing /opt/airflow/dags/kafka_streaming.py took 1.290 seconds
[2024-09-16T11:01:59.052+0000] {processor.py:186} INFO - Started process (PID=30) to work on /opt/airflow/dags/kafka_streaming.py
[2024-09-16T11:01:59.055+0000] {processor.py:914} INFO - Processing file /opt/airflow/dags/kafka_streaming.py for tasks to queue
[2024-09-16T11:01:59.062+0000] {logging_mixin.py:190} INFO - [2024-09-16T11:01:59.060+0000] {dagbag.py:587} INFO - Filling up the DagBag from /opt/airflow/dags/kafka_streaming.py
[2024-09-16T11:01:59.405+0000] {processor.py:925} INFO - DAG(s) 'user_automate' retrieved from /opt/airflow/dags/kafka_streaming.py
[2024-09-16T11:01:59.871+0000] {logging_mixin.py:190} INFO - [2024-09-16T11:01:59.871+0000] {dag.py:3229} INFO - Sync 1 DAGs
[2024-09-16T11:01:59.939+0000] {logging_mixin.py:190} INFO - [2024-09-16T11:01:59.939+0000] {dag.py:4156} INFO - Setting next_dagrun for user_automate to 2024-09-16 10:00:00+00:00, run_after=2024-09-17 10:00:00+00:00
[2024-09-16T11:02:00.002+0000] {processor.py:208} INFO - Processing /opt/airflow/dags/kafka_streaming.py took 0.974 seconds
[2024-09-16T11:02:30.530+0000] {processor.py:186} INFO - Started process (PID=31) to work on /opt/airflow/dags/kafka_streaming.py
[2024-09-16T11:02:30.533+0000] {processor.py:914} INFO - Processing file /opt/airflow/dags/kafka_streaming.py for tasks to queue
[2024-09-16T11:02:30.538+0000] {logging_mixin.py:190} INFO - [2024-09-16T11:02:30.537+0000] {dagbag.py:587} INFO - Filling up the DagBag from /opt/airflow/dags/kafka_streaming.py
[2024-09-16T11:02:30.866+0000] {processor.py:925} INFO - DAG(s) 'user_automate' retrieved from /opt/airflow/dags/kafka_streaming.py
[2024-09-16T11:02:31.282+0000] {logging_mixin.py:190} INFO - [2024-09-16T11:02:31.281+0000] {dag.py:3229} INFO - Sync 1 DAGs
[2024-09-16T11:02:31.355+0000] {logging_mixin.py:190} INFO - [2024-09-16T11:02:31.355+0000] {dag.py:4156} INFO - Setting next_dagrun for user_automate to 2024-09-16 10:00:00+00:00, run_after=2024-09-17 10:00:00+00:00
[2024-09-16T11:02:31.411+0000] {processor.py:208} INFO - Processing /opt/airflow/dags/kafka_streaming.py took 0.910 seconds
[2024-09-16T11:03:02.505+0000] {processor.py:186} INFO - Started process (PID=32) to work on /opt/airflow/dags/kafka_streaming.py
[2024-09-16T11:03:02.508+0000] {processor.py:914} INFO - Processing file /opt/airflow/dags/kafka_streaming.py for tasks to queue
[2024-09-16T11:03:02.532+0000] {logging_mixin.py:190} INFO - [2024-09-16T11:03:02.527+0000] {dagbag.py:587} INFO - Filling up the DagBag from /opt/airflow/dags/kafka_streaming.py
[2024-09-16T11:03:02.956+0000] {processor.py:925} INFO - DAG(s) 'user_automate' retrieved from /opt/airflow/dags/kafka_streaming.py
[2024-09-16T11:03:03.735+0000] {logging_mixin.py:190} INFO - [2024-09-16T11:03:03.728+0000] {dag.py:3229} INFO - Sync 1 DAGs
[2024-09-16T11:03:03.821+0000] {logging_mixin.py:190} INFO - [2024-09-16T11:03:03.821+0000] {dag.py:4156} INFO - Setting next_dagrun for user_automate to 2024-09-16 10:00:00+00:00, run_after=2024-09-17 10:00:00+00:00
[2024-09-16T11:03:03.898+0000] {processor.py:208} INFO - Processing /opt/airflow/dags/kafka_streaming.py took 1.428 seconds
[2024-09-16T11:03:34.758+0000] {processor.py:186} INFO - Started process (PID=33) to work on /opt/airflow/dags/kafka_streaming.py
[2024-09-16T11:03:34.762+0000] {processor.py:914} INFO - Processing file /opt/airflow/dags/kafka_streaming.py for tasks to queue
[2024-09-16T11:03:34.774+0000] {logging_mixin.py:190} INFO - [2024-09-16T11:03:34.768+0000] {dagbag.py:587} INFO - Filling up the DagBag from /opt/airflow/dags/kafka_streaming.py
[2024-09-16T11:03:35.256+0000] {processor.py:925} INFO - DAG(s) 'user_automate' retrieved from /opt/airflow/dags/kafka_streaming.py
[2024-09-16T11:03:36.223+0000] {logging_mixin.py:190} INFO - [2024-09-16T11:03:36.207+0000] {dag.py:3229} INFO - Sync 1 DAGs
[2024-09-16T11:03:36.313+0000] {logging_mixin.py:190} INFO - [2024-09-16T11:03:36.312+0000] {dag.py:4156} INFO - Setting next_dagrun for user_automate to 2024-09-16 10:00:00+00:00, run_after=2024-09-17 10:00:00+00:00
[2024-09-16T11:03:36.424+0000] {processor.py:208} INFO - Processing /opt/airflow/dags/kafka_streaming.py took 1.710 seconds
[2024-09-16T11:04:06.648+0000] {processor.py:186} INFO - Started process (PID=34) to work on /opt/airflow/dags/kafka_streaming.py
[2024-09-16T11:04:06.655+0000] {processor.py:914} INFO - Processing file /opt/airflow/dags/kafka_streaming.py for tasks to queue
[2024-09-16T11:04:06.669+0000] {logging_mixin.py:190} INFO - [2024-09-16T11:04:06.663+0000] {dagbag.py:587} INFO - Filling up the DagBag from /opt/airflow/dags/kafka_streaming.py
[2024-09-16T11:04:07.088+0000] {processor.py:925} INFO - DAG(s) 'user_automate' retrieved from /opt/airflow/dags/kafka_streaming.py
[2024-09-16T11:04:07.828+0000] {logging_mixin.py:190} INFO - [2024-09-16T11:04:07.815+0000] {dag.py:3229} INFO - Sync 1 DAGs
[2024-09-16T11:04:07.910+0000] {logging_mixin.py:190} INFO - [2024-09-16T11:04:07.908+0000] {dag.py:4156} INFO - Setting next_dagrun for user_automate to 2024-09-16 10:00:00+00:00, run_after=2024-09-17 10:00:00+00:00
[2024-09-16T11:04:08.002+0000] {processor.py:208} INFO - Processing /opt/airflow/dags/kafka_streaming.py took 1.405 seconds
[2024-09-16T11:04:38.973+0000] {processor.py:186} INFO - Started process (PID=35) to work on /opt/airflow/dags/kafka_streaming.py
[2024-09-16T11:04:38.979+0000] {processor.py:914} INFO - Processing file /opt/airflow/dags/kafka_streaming.py for tasks to queue
[2024-09-16T11:04:38.994+0000] {logging_mixin.py:190} INFO - [2024-09-16T11:04:38.986+0000] {dagbag.py:587} INFO - Filling up the DagBag from /opt/airflow/dags/kafka_streaming.py
[2024-09-16T11:04:39.486+0000] {processor.py:925} INFO - DAG(s) 'user_automate' retrieved from /opt/airflow/dags/kafka_streaming.py
[2024-09-16T11:04:40.284+0000] {logging_mixin.py:190} INFO - [2024-09-16T11:04:40.271+0000] {dag.py:3229} INFO - Sync 1 DAGs
[2024-09-16T11:04:40.462+0000] {logging_mixin.py:190} INFO - [2024-09-16T11:04:40.459+0000] {dag.py:4156} INFO - Setting next_dagrun for user_automate to 2024-09-16 10:00:00+00:00, run_after=2024-09-17 10:00:00+00:00
[2024-09-16T11:04:40.551+0000] {processor.py:208} INFO - Processing /opt/airflow/dags/kafka_streaming.py took 1.624 seconds
[2024-09-16T11:05:11.201+0000] {processor.py:186} INFO - Started process (PID=36) to work on /opt/airflow/dags/kafka_streaming.py
[2024-09-16T11:05:11.205+0000] {processor.py:914} INFO - Processing file /opt/airflow/dags/kafka_streaming.py for tasks to queue
[2024-09-16T11:05:11.216+0000] {logging_mixin.py:190} INFO - [2024-09-16T11:05:11.210+0000] {dagbag.py:587} INFO - Filling up the DagBag from /opt/airflow/dags/kafka_streaming.py
[2024-09-16T11:05:11.614+0000] {processor.py:925} INFO - DAG(s) 'user_automate' retrieved from /opt/airflow/dags/kafka_streaming.py
[2024-09-16T11:05:12.387+0000] {logging_mixin.py:190} INFO - [2024-09-16T11:05:12.368+0000] {dag.py:3229} INFO - Sync 1 DAGs
[2024-09-16T11:05:12.527+0000] {logging_mixin.py:190} INFO - [2024-09-16T11:05:12.524+0000] {dag.py:4156} INFO - Setting next_dagrun for user_automate to 2024-09-16 10:00:00+00:00, run_after=2024-09-17 10:00:00+00:00
[2024-09-16T11:05:12.666+0000] {processor.py:208} INFO - Processing /opt/airflow/dags/kafka_streaming.py took 1.502 seconds
[2024-09-16T11:05:42.911+0000] {processor.py:186} INFO - Started process (PID=37) to work on /opt/airflow/dags/kafka_streaming.py
[2024-09-16T11:05:42.914+0000] {processor.py:914} INFO - Processing file /opt/airflow/dags/kafka_streaming.py for tasks to queue
[2024-09-16T11:05:42.925+0000] {logging_mixin.py:190} INFO - [2024-09-16T11:05:42.919+0000] {dagbag.py:587} INFO - Filling up the DagBag from /opt/airflow/dags/kafka_streaming.py
[2024-09-16T11:05:43.367+0000] {processor.py:925} INFO - DAG(s) 'user_automate' retrieved from /opt/airflow/dags/kafka_streaming.py
[2024-09-16T11:05:44.077+0000] {logging_mixin.py:190} INFO - [2024-09-16T11:05:44.066+0000] {dag.py:3229} INFO - Sync 1 DAGs
[2024-09-16T11:05:44.160+0000] {logging_mixin.py:190} INFO - [2024-09-16T11:05:44.159+0000] {dag.py:4156} INFO - Setting next_dagrun for user_automate to 2024-09-16 10:00:00+00:00, run_after=2024-09-17 10:00:00+00:00
[2024-09-16T11:05:44.237+0000] {processor.py:208} INFO - Processing /opt/airflow/dags/kafka_streaming.py took 1.364 seconds
[2024-09-16T11:06:14.771+0000] {processor.py:186} INFO - Started process (PID=38) to work on /opt/airflow/dags/kafka_streaming.py
[2024-09-16T11:06:14.774+0000] {processor.py:914} INFO - Processing file /opt/airflow/dags/kafka_streaming.py for tasks to queue
[2024-09-16T11:06:14.787+0000] {logging_mixin.py:190} INFO - [2024-09-16T11:06:14.780+0000] {dagbag.py:587} INFO - Filling up the DagBag from /opt/airflow/dags/kafka_streaming.py
[2024-09-16T11:06:15.190+0000] {processor.py:925} INFO - DAG(s) 'user_automate' retrieved from /opt/airflow/dags/kafka_streaming.py
[2024-09-16T11:06:16.095+0000] {logging_mixin.py:190} INFO - [2024-09-16T11:06:16.050+0000] {dag.py:3229} INFO - Sync 1 DAGs
[2024-09-16T11:06:16.288+0000] {logging_mixin.py:190} INFO - [2024-09-16T11:06:16.272+0000] {dag.py:4156} INFO - Setting next_dagrun for user_automate to 2024-09-16 10:00:00+00:00, run_after=2024-09-17 10:00:00+00:00
[2024-09-16T11:06:16.412+0000] {processor.py:208} INFO - Processing /opt/airflow/dags/kafka_streaming.py took 1.688 seconds
[2024-09-16T11:06:47.367+0000] {processor.py:186} INFO - Started process (PID=39) to work on /opt/airflow/dags/kafka_streaming.py
[2024-09-16T11:06:47.372+0000] {processor.py:914} INFO - Processing file /opt/airflow/dags/kafka_streaming.py for tasks to queue
[2024-09-16T11:06:47.393+0000] {logging_mixin.py:190} INFO - [2024-09-16T11:06:47.386+0000] {dagbag.py:587} INFO - Filling up the DagBag from /opt/airflow/dags/kafka_streaming.py
[2024-09-16T11:06:48.375+0000] {processor.py:925} INFO - DAG(s) 'user_automate' retrieved from /opt/airflow/dags/kafka_streaming.py
[2024-09-16T11:06:49.995+0000] {logging_mixin.py:190} INFO - [2024-09-16T11:06:49.964+0000] {dag.py:3229} INFO - Sync 1 DAGs
[2024-09-16T11:06:50.325+0000] {logging_mixin.py:190} INFO - [2024-09-16T11:06:50.311+0000] {dag.py:4156} INFO - Setting next_dagrun for user_automate to 2024-09-16 10:00:00+00:00, run_after=2024-09-17 10:00:00+00:00
[2024-09-16T11:06:50.439+0000] {processor.py:208} INFO - Processing /opt/airflow/dags/kafka_streaming.py took 3.124 seconds
[2024-09-16T11:07:20.996+0000] {processor.py:186} INFO - Started process (PID=40) to work on /opt/airflow/dags/kafka_streaming.py
[2024-09-16T11:07:21.003+0000] {processor.py:914} INFO - Processing file /opt/airflow/dags/kafka_streaming.py for tasks to queue
[2024-09-16T11:07:21.068+0000] {logging_mixin.py:190} INFO - [2024-09-16T11:07:21.047+0000] {dagbag.py:587} INFO - Filling up the DagBag from /opt/airflow/dags/kafka_streaming.py
[2024-09-16T11:07:21.847+0000] {processor.py:925} INFO - DAG(s) 'user_automate' retrieved from /opt/airflow/dags/kafka_streaming.py
[2024-09-16T11:07:23.314+0000] {logging_mixin.py:190} INFO - [2024-09-16T11:07:23.283+0000] {dag.py:3229} INFO - Sync 1 DAGs
[2024-09-16T11:07:23.709+0000] {logging_mixin.py:190} INFO - [2024-09-16T11:07:23.670+0000] {dag.py:4156} INFO - Setting next_dagrun for user_automate to 2024-09-16 10:00:00+00:00, run_after=2024-09-17 10:00:00+00:00
[2024-09-16T11:07:24.303+0000] {processor.py:208} INFO - Processing /opt/airflow/dags/kafka_streaming.py took 3.384 seconds
[2024-09-16T11:07:55.470+0000] {processor.py:186} INFO - Started process (PID=41) to work on /opt/airflow/dags/kafka_streaming.py
[2024-09-16T11:07:55.475+0000] {processor.py:914} INFO - Processing file /opt/airflow/dags/kafka_streaming.py for tasks to queue
[2024-09-16T11:07:55.486+0000] {logging_mixin.py:190} INFO - [2024-09-16T11:07:55.480+0000] {dagbag.py:587} INFO - Filling up the DagBag from /opt/airflow/dags/kafka_streaming.py
[2024-09-16T11:07:56.040+0000] {processor.py:925} INFO - DAG(s) 'user_automate' retrieved from /opt/airflow/dags/kafka_streaming.py
[2024-09-16T11:07:57.284+0000] {logging_mixin.py:190} INFO - [2024-09-16T11:07:57.259+0000] {dag.py:3229} INFO - Sync 1 DAGs
[2024-09-16T11:07:57.510+0000] {logging_mixin.py:190} INFO - [2024-09-16T11:07:57.495+0000] {dag.py:4156} INFO - Setting next_dagrun for user_automate to 2024-09-16 10:00:00+00:00, run_after=2024-09-17 10:00:00+00:00
[2024-09-16T11:07:58.497+0000] {processor.py:208} INFO - Processing /opt/airflow/dags/kafka_streaming.py took 3.067 seconds
[2024-09-16T11:08:29.563+0000] {processor.py:186} INFO - Started process (PID=42) to work on /opt/airflow/dags/kafka_streaming.py
[2024-09-16T11:08:29.566+0000] {processor.py:914} INFO - Processing file /opt/airflow/dags/kafka_streaming.py for tasks to queue
[2024-09-16T11:08:29.578+0000] {logging_mixin.py:190} INFO - [2024-09-16T11:08:29.571+0000] {dagbag.py:587} INFO - Filling up the DagBag from /opt/airflow/dags/kafka_streaming.py
[2024-09-16T11:08:30.114+0000] {processor.py:925} INFO - DAG(s) 'user_automate' retrieved from /opt/airflow/dags/kafka_streaming.py
[2024-09-16T11:08:33.873+0000] {logging_mixin.py:190} INFO - [2024-09-16T11:08:33.844+0000] {dag.py:3229} INFO - Sync 1 DAGs
[2024-09-16T11:08:34.585+0000] {logging_mixin.py:190} INFO - [2024-09-16T11:08:34.542+0000] {dag.py:4156} INFO - Setting next_dagrun for user_automate to 2024-09-16 10:00:00+00:00, run_after=2024-09-17 10:00:00+00:00
[2024-09-16T11:08:37.050+0000] {processor.py:208} INFO - Processing /opt/airflow/dags/kafka_streaming.py took 7.519 seconds
[2024-09-16T11:09:08.582+0000] {processor.py:186} INFO - Started process (PID=43) to work on /opt/airflow/dags/kafka_streaming.py
[2024-09-16T11:09:08.587+0000] {processor.py:914} INFO - Processing file /opt/airflow/dags/kafka_streaming.py for tasks to queue
[2024-09-16T11:09:08.606+0000] {logging_mixin.py:190} INFO - [2024-09-16T11:09:08.600+0000] {dagbag.py:587} INFO - Filling up the DagBag from /opt/airflow/dags/kafka_streaming.py
[2024-09-16T11:09:09.288+0000] {processor.py:925} INFO - DAG(s) 'user_automate' retrieved from /opt/airflow/dags/kafka_streaming.py
[2024-09-16T11:15:37.923+0000] {processor.py:186} INFO - Started process (PID=44) to work on /opt/airflow/dags/kafka_streaming.py
[2024-09-16T11:15:37.933+0000] {processor.py:914} INFO - Processing file /opt/airflow/dags/kafka_streaming.py for tasks to queue
[2024-09-16T11:15:37.957+0000] {logging_mixin.py:190} INFO - [2024-09-16T11:15:37.949+0000] {dagbag.py:587} INFO - Filling up the DagBag from /opt/airflow/dags/kafka_streaming.py
[2024-09-16T11:15:38.840+0000] {processor.py:925} INFO - DAG(s) 'user_automate' retrieved from /opt/airflow/dags/kafka_streaming.py
[2024-09-16T11:15:40.395+0000] {logging_mixin.py:190} INFO - [2024-09-16T11:15:40.394+0000] {dag.py:3229} INFO - Sync 1 DAGs
[2024-09-16T11:15:40.648+0000] {logging_mixin.py:190} INFO - [2024-09-16T11:15:40.645+0000] {dag.py:4156} INFO - Setting next_dagrun for user_automate to 2024-09-16 10:00:00+00:00, run_after=2024-09-17 10:00:00+00:00
[2024-09-16T11:15:40.739+0000] {processor.py:208} INFO - Processing /opt/airflow/dags/kafka_streaming.py took 2.899 seconds
[2024-09-16T11:15:43.832+0000] {processor.py:186} INFO - Started process (PID=46) to work on /opt/airflow/dags/kafka_streaming.py
[2024-09-16T11:15:43.852+0000] {processor.py:914} INFO - Processing file /opt/airflow/dags/kafka_streaming.py for tasks to queue
[2024-09-16T11:15:43.876+0000] {logging_mixin.py:190} INFO - [2024-09-16T11:15:43.869+0000] {dagbag.py:587} INFO - Filling up the DagBag from /opt/airflow/dags/kafka_streaming.py
[2024-09-16T11:15:44.761+0000] {processor.py:925} INFO - DAG(s) 'user_automate' retrieved from /opt/airflow/dags/kafka_streaming.py
[2024-09-16T11:15:44.957+0000] {logging_mixin.py:190} INFO - [2024-09-16T11:15:44.956+0000] {dag.py:3229} INFO - Sync 1 DAGs
[2024-09-16T11:15:45.374+0000] {logging_mixin.py:190} INFO - [2024-09-16T11:15:45.373+0000] {dag.py:4156} INFO - Setting next_dagrun for user_automate to 2024-09-16 10:00:00+00:00, run_after=2024-09-17 10:00:00+00:00
