[2024-09-15T14:13:23.243+0000] {processor.py:186} INFO - Started process (PID=21) to work on /opt/airflow/dags/kafka_streaming.py
[2024-09-15T14:13:23.246+0000] {processor.py:914} INFO - Processing file /opt/airflow/dags/kafka_streaming.py for tasks to queue
[2024-09-15T14:13:23.252+0000] {logging_mixin.py:190} INFO - [2024-09-15T14:13:23.251+0000] {dagbag.py:587} INFO - Filling up the DagBag from /opt/airflow/dags/kafka_streaming.py
[2024-09-15T14:13:23.790+0000] {processor.py:925} INFO - DAG(s) 'user_automate' retrieved from /opt/airflow/dags/kafka_streaming.py
[2024-09-15T14:13:25.610+0000] {logging_mixin.py:190} INFO - [2024-09-15T14:13:25.610+0000] {dag.py:3229} INFO - Sync 1 DAGs
[2024-09-15T14:13:25.820+0000] {logging_mixin.py:190} INFO - [2024-09-15T14:13:25.819+0000] {dag.py:4156} INFO - Setting next_dagrun for user_automate to 2024-09-15 10:00:00+00:00, run_after=2024-09-16 10:00:00+00:00
[2024-09-15T14:13:25.905+0000] {processor.py:208} INFO - Processing /opt/airflow/dags/kafka_streaming.py took 2.774 seconds
[2024-09-15T14:13:56.612+0000] {processor.py:186} INFO - Started process (PID=22) to work on /opt/airflow/dags/kafka_streaming.py
[2024-09-15T14:13:56.614+0000] {processor.py:914} INFO - Processing file /opt/airflow/dags/kafka_streaming.py for tasks to queue
[2024-09-15T14:13:56.618+0000] {logging_mixin.py:190} INFO - [2024-09-15T14:13:56.618+0000] {dagbag.py:587} INFO - Filling up the DagBag from /opt/airflow/dags/kafka_streaming.py
[2024-09-15T14:13:57.345+0000] {processor.py:925} INFO - DAG(s) 'user_automate' retrieved from /opt/airflow/dags/kafka_streaming.py
[2024-09-15T14:13:57.743+0000] {logging_mixin.py:190} INFO - [2024-09-15T14:13:57.743+0000] {dag.py:3229} INFO - Sync 1 DAGs
[2024-09-15T14:13:57.825+0000] {logging_mixin.py:190} INFO - [2024-09-15T14:13:57.824+0000] {dag.py:4156} INFO - Setting next_dagrun for user_automate to 2024-09-15 10:00:00+00:00, run_after=2024-09-16 10:00:00+00:00
[2024-09-15T14:13:57.881+0000] {processor.py:208} INFO - Processing /opt/airflow/dags/kafka_streaming.py took 1.275 seconds
[2024-09-15T14:14:29.003+0000] {processor.py:186} INFO - Started process (PID=26) to work on /opt/airflow/dags/kafka_streaming.py
[2024-09-15T14:14:29.031+0000] {processor.py:914} INFO - Processing file /opt/airflow/dags/kafka_streaming.py for tasks to queue
[2024-09-15T14:14:29.063+0000] {logging_mixin.py:190} INFO - [2024-09-15T14:14:29.061+0000] {dagbag.py:587} INFO - Filling up the DagBag from /opt/airflow/dags/kafka_streaming.py
[2024-09-15T14:14:29.334+0000] {processor.py:925} INFO - DAG(s) 'user_automate' retrieved from /opt/airflow/dags/kafka_streaming.py
[2024-09-15T14:14:29.584+0000] {logging_mixin.py:190} INFO - [2024-09-15T14:14:29.584+0000] {dag.py:3229} INFO - Sync 1 DAGs
[2024-09-15T14:14:29.658+0000] {logging_mixin.py:190} INFO - [2024-09-15T14:14:29.658+0000] {dag.py:4156} INFO - Setting next_dagrun for user_automate to 2024-09-15 10:00:00+00:00, run_after=2024-09-16 10:00:00+00:00
[2024-09-15T14:14:29.711+0000] {processor.py:208} INFO - Processing /opt/airflow/dags/kafka_streaming.py took 0.744 seconds
[2024-09-15T14:15:00.343+0000] {processor.py:186} INFO - Started process (PID=27) to work on /opt/airflow/dags/kafka_streaming.py
[2024-09-15T14:15:00.345+0000] {processor.py:914} INFO - Processing file /opt/airflow/dags/kafka_streaming.py for tasks to queue
[2024-09-15T14:15:00.349+0000] {logging_mixin.py:190} INFO - [2024-09-15T14:15:00.349+0000] {dagbag.py:587} INFO - Filling up the DagBag from /opt/airflow/dags/kafka_streaming.py
[2024-09-15T14:15:00.473+0000] {processor.py:925} INFO - DAG(s) 'user_automate' retrieved from /opt/airflow/dags/kafka_streaming.py
[2024-09-15T14:15:01.139+0000] {logging_mixin.py:190} INFO - [2024-09-15T14:15:01.139+0000] {dag.py:3229} INFO - Sync 1 DAGs
[2024-09-15T14:15:01.165+0000] {logging_mixin.py:190} INFO - [2024-09-15T14:15:01.165+0000] {dag.py:4156} INFO - Setting next_dagrun for user_automate to 2024-09-15 10:00:00+00:00, run_after=2024-09-16 10:00:00+00:00
[2024-09-15T14:15:01.202+0000] {processor.py:208} INFO - Processing /opt/airflow/dags/kafka_streaming.py took 0.869 seconds
[2024-09-15T14:15:31.956+0000] {processor.py:186} INFO - Started process (PID=28) to work on /opt/airflow/dags/kafka_streaming.py
[2024-09-15T14:15:31.970+0000] {processor.py:914} INFO - Processing file /opt/airflow/dags/kafka_streaming.py for tasks to queue
[2024-09-15T14:15:32.004+0000] {logging_mixin.py:190} INFO - [2024-09-15T14:15:32.000+0000] {dagbag.py:587} INFO - Filling up the DagBag from /opt/airflow/dags/kafka_streaming.py
[2024-09-15T14:15:32.695+0000] {processor.py:925} INFO - DAG(s) 'user_automate' retrieved from /opt/airflow/dags/kafka_streaming.py
[2024-09-15T14:15:32.957+0000] {logging_mixin.py:190} INFO - [2024-09-15T14:15:32.957+0000] {dag.py:3229} INFO - Sync 1 DAGs
[2024-09-15T14:15:33.001+0000] {logging_mixin.py:190} INFO - [2024-09-15T14:15:33.000+0000] {dag.py:4156} INFO - Setting next_dagrun for user_automate to 2024-09-15 10:00:00+00:00, run_after=2024-09-16 10:00:00+00:00
[2024-09-15T14:15:33.046+0000] {processor.py:208} INFO - Processing /opt/airflow/dags/kafka_streaming.py took 1.127 seconds
[2024-09-15T14:16:03.519+0000] {processor.py:186} INFO - Started process (PID=29) to work on /opt/airflow/dags/kafka_streaming.py
[2024-09-15T14:16:03.520+0000] {processor.py:914} INFO - Processing file /opt/airflow/dags/kafka_streaming.py for tasks to queue
[2024-09-15T14:16:03.524+0000] {logging_mixin.py:190} INFO - [2024-09-15T14:16:03.523+0000] {dagbag.py:587} INFO - Filling up the DagBag from /opt/airflow/dags/kafka_streaming.py
[2024-09-15T14:16:03.659+0000] {processor.py:925} INFO - DAG(s) 'user_automate' retrieved from /opt/airflow/dags/kafka_streaming.py
[2024-09-15T14:16:03.828+0000] {logging_mixin.py:190} INFO - [2024-09-15T14:16:03.828+0000] {dag.py:3229} INFO - Sync 1 DAGs
[2024-09-15T14:16:03.858+0000] {logging_mixin.py:190} INFO - [2024-09-15T14:16:03.858+0000] {dag.py:4156} INFO - Setting next_dagrun for user_automate to 2024-09-15 10:00:00+00:00, run_after=2024-09-16 10:00:00+00:00
[2024-09-15T14:16:03.900+0000] {processor.py:208} INFO - Processing /opt/airflow/dags/kafka_streaming.py took 0.389 seconds
[2024-09-15T14:16:34.125+0000] {processor.py:186} INFO - Started process (PID=30) to work on /opt/airflow/dags/kafka_streaming.py
[2024-09-15T14:16:34.126+0000] {processor.py:914} INFO - Processing file /opt/airflow/dags/kafka_streaming.py for tasks to queue
[2024-09-15T14:16:34.128+0000] {logging_mixin.py:190} INFO - [2024-09-15T14:16:34.128+0000] {dagbag.py:587} INFO - Filling up the DagBag from /opt/airflow/dags/kafka_streaming.py
[2024-09-15T14:16:34.245+0000] {processor.py:925} INFO - DAG(s) 'user_automate' retrieved from /opt/airflow/dags/kafka_streaming.py
[2024-09-15T14:16:34.421+0000] {logging_mixin.py:190} INFO - [2024-09-15T14:16:34.421+0000] {dag.py:3229} INFO - Sync 1 DAGs
[2024-09-15T14:16:34.452+0000] {logging_mixin.py:190} INFO - [2024-09-15T14:16:34.452+0000] {dag.py:4156} INFO - Setting next_dagrun for user_automate to 2024-09-15 10:00:00+00:00, run_after=2024-09-16 10:00:00+00:00
[2024-09-15T14:16:34.482+0000] {processor.py:208} INFO - Processing /opt/airflow/dags/kafka_streaming.py took 0.363 seconds
[2024-09-15T14:17:04.848+0000] {processor.py:186} INFO - Started process (PID=31) to work on /opt/airflow/dags/kafka_streaming.py
[2024-09-15T14:17:04.850+0000] {processor.py:914} INFO - Processing file /opt/airflow/dags/kafka_streaming.py for tasks to queue
[2024-09-15T14:17:04.853+0000] {logging_mixin.py:190} INFO - [2024-09-15T14:17:04.853+0000] {dagbag.py:587} INFO - Filling up the DagBag from /opt/airflow/dags/kafka_streaming.py
[2024-09-15T14:17:05.064+0000] {processor.py:925} INFO - DAG(s) 'user_automate' retrieved from /opt/airflow/dags/kafka_streaming.py
[2024-09-15T14:17:05.961+0000] {logging_mixin.py:190} INFO - [2024-09-15T14:17:05.961+0000] {dag.py:3229} INFO - Sync 1 DAGs
[2024-09-15T14:17:06.023+0000] {logging_mixin.py:190} INFO - [2024-09-15T14:17:06.023+0000] {dag.py:4156} INFO - Setting next_dagrun for user_automate to 2024-09-15 10:00:00+00:00, run_after=2024-09-16 10:00:00+00:00
[2024-09-15T14:17:06.088+0000] {processor.py:208} INFO - Processing /opt/airflow/dags/kafka_streaming.py took 1.246 seconds
[2024-09-15T14:17:36.640+0000] {processor.py:186} INFO - Started process (PID=36) to work on /opt/airflow/dags/kafka_streaming.py
[2024-09-15T14:17:36.654+0000] {processor.py:914} INFO - Processing file /opt/airflow/dags/kafka_streaming.py for tasks to queue
[2024-09-15T14:17:36.671+0000] {logging_mixin.py:190} INFO - [2024-09-15T14:17:36.670+0000] {dagbag.py:587} INFO - Filling up the DagBag from /opt/airflow/dags/kafka_streaming.py
[2024-09-15T14:17:37.968+0000] {processor.py:925} INFO - DAG(s) 'user_automate' retrieved from /opt/airflow/dags/kafka_streaming.py
[2024-09-15T14:17:38.872+0000] {logging_mixin.py:190} INFO - [2024-09-15T14:17:38.872+0000] {dag.py:3229} INFO - Sync 1 DAGs
[2024-09-15T14:17:39.074+0000] {logging_mixin.py:190} INFO - [2024-09-15T14:17:39.073+0000] {dag.py:4156} INFO - Setting next_dagrun for user_automate to 2024-09-15 10:00:00+00:00, run_after=2024-09-16 10:00:00+00:00
[2024-09-15T14:17:39.167+0000] {processor.py:208} INFO - Processing /opt/airflow/dags/kafka_streaming.py took 2.576 seconds
[2024-09-15T14:18:09.579+0000] {processor.py:186} INFO - Started process (PID=37) to work on /opt/airflow/dags/kafka_streaming.py
[2024-09-15T14:18:09.599+0000] {processor.py:914} INFO - Processing file /opt/airflow/dags/kafka_streaming.py for tasks to queue
[2024-09-15T14:18:09.619+0000] {logging_mixin.py:190} INFO - [2024-09-15T14:18:09.616+0000] {dagbag.py:587} INFO - Filling up the DagBag from /opt/airflow/dags/kafka_streaming.py
[2024-09-15T14:18:09.759+0000] {processor.py:925} INFO - DAG(s) 'user_automate' retrieved from /opt/airflow/dags/kafka_streaming.py
[2024-09-15T14:18:09.997+0000] {logging_mixin.py:190} INFO - [2024-09-15T14:18:09.997+0000] {dag.py:3229} INFO - Sync 1 DAGs
[2024-09-15T14:18:10.377+0000] {logging_mixin.py:190} INFO - [2024-09-15T14:18:10.373+0000] {dag.py:4156} INFO - Setting next_dagrun for user_automate to 2024-09-15 10:00:00+00:00, run_after=2024-09-16 10:00:00+00:00
[2024-09-15T14:18:10.686+0000] {processor.py:208} INFO - Processing /opt/airflow/dags/kafka_streaming.py took 1.130 seconds
[2024-09-15T14:18:41.657+0000] {processor.py:186} INFO - Started process (PID=38) to work on /opt/airflow/dags/kafka_streaming.py
[2024-09-15T14:18:41.659+0000] {processor.py:914} INFO - Processing file /opt/airflow/dags/kafka_streaming.py for tasks to queue
[2024-09-15T14:18:41.662+0000] {logging_mixin.py:190} INFO - [2024-09-15T14:18:41.662+0000] {dagbag.py:587} INFO - Filling up the DagBag from /opt/airflow/dags/kafka_streaming.py
[2024-09-15T14:18:41.792+0000] {processor.py:925} INFO - DAG(s) 'user_automate' retrieved from /opt/airflow/dags/kafka_streaming.py
[2024-09-15T14:18:41.962+0000] {logging_mixin.py:190} INFO - [2024-09-15T14:18:41.962+0000] {dag.py:3229} INFO - Sync 1 DAGs
[2024-09-15T14:18:41.991+0000] {logging_mixin.py:190} INFO - [2024-09-15T14:18:41.991+0000] {dag.py:4156} INFO - Setting next_dagrun for user_automate to 2024-09-15 10:00:00+00:00, run_after=2024-09-16 10:00:00+00:00
[2024-09-15T14:18:42.025+0000] {processor.py:208} INFO - Processing /opt/airflow/dags/kafka_streaming.py took 0.376 seconds
[2024-09-15T14:19:13.138+0000] {processor.py:186} INFO - Started process (PID=39) to work on /opt/airflow/dags/kafka_streaming.py
[2024-09-15T14:19:13.139+0000] {processor.py:914} INFO - Processing file /opt/airflow/dags/kafka_streaming.py for tasks to queue
[2024-09-15T14:19:13.144+0000] {logging_mixin.py:190} INFO - [2024-09-15T14:19:13.143+0000] {dagbag.py:587} INFO - Filling up the DagBag from /opt/airflow/dags/kafka_streaming.py
[2024-09-15T14:19:13.282+0000] {processor.py:925} INFO - DAG(s) 'user_automate' retrieved from /opt/airflow/dags/kafka_streaming.py
[2024-09-15T14:19:13.478+0000] {logging_mixin.py:190} INFO - [2024-09-15T14:19:13.477+0000] {dag.py:3229} INFO - Sync 1 DAGs
[2024-09-15T14:19:13.521+0000] {logging_mixin.py:190} INFO - [2024-09-15T14:19:13.521+0000] {dag.py:4156} INFO - Setting next_dagrun for user_automate to 2024-09-15 10:00:00+00:00, run_after=2024-09-16 10:00:00+00:00
[2024-09-15T14:19:13.560+0000] {processor.py:208} INFO - Processing /opt/airflow/dags/kafka_streaming.py took 0.432 seconds
[2024-09-15T14:19:43.838+0000] {processor.py:186} INFO - Started process (PID=44) to work on /opt/airflow/dags/kafka_streaming.py
[2024-09-15T14:19:43.841+0000] {processor.py:914} INFO - Processing file /opt/airflow/dags/kafka_streaming.py for tasks to queue
[2024-09-15T14:19:43.849+0000] {logging_mixin.py:190} INFO - [2024-09-15T14:19:43.848+0000] {dagbag.py:587} INFO - Filling up the DagBag from /opt/airflow/dags/kafka_streaming.py
[2024-09-15T14:19:43.990+0000] {processor.py:925} INFO - DAG(s) 'user_automate' retrieved from /opt/airflow/dags/kafka_streaming.py
[2024-09-15T14:19:45.701+0000] {logging_mixin.py:190} INFO - [2024-09-15T14:19:45.700+0000] {dag.py:3229} INFO - Sync 1 DAGs
[2024-09-15T14:19:45.784+0000] {logging_mixin.py:190} INFO - [2024-09-15T14:19:45.783+0000] {dag.py:4156} INFO - Setting next_dagrun for user_automate to 2024-09-15 10:00:00+00:00, run_after=2024-09-16 10:00:00+00:00
[2024-09-15T14:19:45.845+0000] {processor.py:208} INFO - Processing /opt/airflow/dags/kafka_streaming.py took 2.024 seconds
[2024-09-15T14:20:16.648+0000] {processor.py:186} INFO - Started process (PID=45) to work on /opt/airflow/dags/kafka_streaming.py
[2024-09-15T14:20:16.653+0000] {processor.py:914} INFO - Processing file /opt/airflow/dags/kafka_streaming.py for tasks to queue
[2024-09-15T14:20:16.663+0000] {logging_mixin.py:190} INFO - [2024-09-15T14:20:16.662+0000] {dagbag.py:587} INFO - Filling up the DagBag from /opt/airflow/dags/kafka_streaming.py
[2024-09-15T14:20:16.948+0000] {processor.py:925} INFO - DAG(s) 'user_automate' retrieved from /opt/airflow/dags/kafka_streaming.py
[2024-09-15T14:20:17.540+0000] {logging_mixin.py:190} INFO - [2024-09-15T14:20:17.539+0000] {dag.py:3229} INFO - Sync 1 DAGs
[2024-09-15T14:20:17.714+0000] {logging_mixin.py:190} INFO - [2024-09-15T14:20:17.713+0000] {dag.py:4156} INFO - Setting next_dagrun for user_automate to 2024-09-15 10:00:00+00:00, run_after=2024-09-16 10:00:00+00:00
[2024-09-15T14:20:17.799+0000] {processor.py:208} INFO - Processing /opt/airflow/dags/kafka_streaming.py took 1.170 seconds
[2024-09-15T14:20:48.932+0000] {processor.py:186} INFO - Started process (PID=46) to work on /opt/airflow/dags/kafka_streaming.py
[2024-09-15T14:20:48.936+0000] {processor.py:914} INFO - Processing file /opt/airflow/dags/kafka_streaming.py for tasks to queue
[2024-09-15T14:20:48.944+0000] {logging_mixin.py:190} INFO - [2024-09-15T14:20:48.942+0000] {dagbag.py:587} INFO - Filling up the DagBag from /opt/airflow/dags/kafka_streaming.py
[2024-09-15T14:20:49.231+0000] {processor.py:925} INFO - DAG(s) 'user_automate' retrieved from /opt/airflow/dags/kafka_streaming.py
[2024-09-15T14:20:49.626+0000] {logging_mixin.py:190} INFO - [2024-09-15T14:20:49.625+0000] {dag.py:3229} INFO - Sync 1 DAGs
[2024-09-15T14:20:49.685+0000] {logging_mixin.py:190} INFO - [2024-09-15T14:20:49.684+0000] {dag.py:4156} INFO - Setting next_dagrun for user_automate to 2024-09-15 10:00:00+00:00, run_after=2024-09-16 10:00:00+00:00
[2024-09-15T14:20:49.755+0000] {processor.py:208} INFO - Processing /opt/airflow/dags/kafka_streaming.py took 0.856 seconds
[2024-09-15T14:21:20.601+0000] {processor.py:186} INFO - Started process (PID=47) to work on /opt/airflow/dags/kafka_streaming.py
[2024-09-15T14:21:20.603+0000] {processor.py:914} INFO - Processing file /opt/airflow/dags/kafka_streaming.py for tasks to queue
[2024-09-15T14:21:20.607+0000] {logging_mixin.py:190} INFO - [2024-09-15T14:21:20.606+0000] {dagbag.py:587} INFO - Filling up the DagBag from /opt/airflow/dags/kafka_streaming.py
[2024-09-15T14:21:20.783+0000] {processor.py:925} INFO - DAG(s) 'user_automate' retrieved from /opt/airflow/dags/kafka_streaming.py
[2024-09-15T14:21:21.008+0000] {logging_mixin.py:190} INFO - [2024-09-15T14:21:21.007+0000] {dag.py:3229} INFO - Sync 1 DAGs
[2024-09-15T14:21:21.046+0000] {logging_mixin.py:190} INFO - [2024-09-15T14:21:21.045+0000] {dag.py:4156} INFO - Setting next_dagrun for user_automate to 2024-09-15 10:00:00+00:00, run_after=2024-09-16 10:00:00+00:00
[2024-09-15T14:21:21.084+0000] {processor.py:208} INFO - Processing /opt/airflow/dags/kafka_streaming.py took 0.490 seconds
[2024-09-15T14:21:51.247+0000] {processor.py:186} INFO - Started process (PID=48) to work on /opt/airflow/dags/kafka_streaming.py
[2024-09-15T14:21:51.248+0000] {processor.py:914} INFO - Processing file /opt/airflow/dags/kafka_streaming.py for tasks to queue
[2024-09-15T14:21:51.252+0000] {logging_mixin.py:190} INFO - [2024-09-15T14:21:51.251+0000] {dagbag.py:587} INFO - Filling up the DagBag from /opt/airflow/dags/kafka_streaming.py
[2024-09-15T14:21:51.390+0000] {processor.py:925} INFO - DAG(s) 'user_automate' retrieved from /opt/airflow/dags/kafka_streaming.py
[2024-09-15T14:21:51.589+0000] {logging_mixin.py:190} INFO - [2024-09-15T14:21:51.588+0000] {dag.py:3229} INFO - Sync 1 DAGs
[2024-09-15T14:21:51.618+0000] {logging_mixin.py:190} INFO - [2024-09-15T14:21:51.618+0000] {dag.py:4156} INFO - Setting next_dagrun for user_automate to 2024-09-15 10:00:00+00:00, run_after=2024-09-16 10:00:00+00:00
[2024-09-15T14:21:51.653+0000] {processor.py:208} INFO - Processing /opt/airflow/dags/kafka_streaming.py took 0.412 seconds
[2024-09-15T14:22:21.833+0000] {processor.py:186} INFO - Started process (PID=49) to work on /opt/airflow/dags/kafka_streaming.py
[2024-09-15T14:22:21.835+0000] {processor.py:914} INFO - Processing file /opt/airflow/dags/kafka_streaming.py for tasks to queue
[2024-09-15T14:22:21.839+0000] {logging_mixin.py:190} INFO - [2024-09-15T14:22:21.838+0000] {dagbag.py:587} INFO - Filling up the DagBag from /opt/airflow/dags/kafka_streaming.py
[2024-09-15T14:22:21.964+0000] {processor.py:925} INFO - DAG(s) 'user_automate' retrieved from /opt/airflow/dags/kafka_streaming.py
[2024-09-15T14:22:22.111+0000] {logging_mixin.py:190} INFO - [2024-09-15T14:22:22.111+0000] {dag.py:3229} INFO - Sync 1 DAGs
[2024-09-15T14:22:22.150+0000] {logging_mixin.py:190} INFO - [2024-09-15T14:22:22.149+0000] {dag.py:4156} INFO - Setting next_dagrun for user_automate to 2024-09-15 10:00:00+00:00, run_after=2024-09-16 10:00:00+00:00
[2024-09-15T14:22:22.180+0000] {processor.py:208} INFO - Processing /opt/airflow/dags/kafka_streaming.py took 0.354 seconds
[2024-09-15T14:22:52.487+0000] {processor.py:186} INFO - Started process (PID=50) to work on /opt/airflow/dags/kafka_streaming.py
[2024-09-15T14:22:52.489+0000] {processor.py:914} INFO - Processing file /opt/airflow/dags/kafka_streaming.py for tasks to queue
[2024-09-15T14:22:52.493+0000] {logging_mixin.py:190} INFO - [2024-09-15T14:22:52.493+0000] {dagbag.py:587} INFO - Filling up the DagBag from /opt/airflow/dags/kafka_streaming.py
[2024-09-15T14:22:52.651+0000] {processor.py:925} INFO - DAG(s) 'user_automate' retrieved from /opt/airflow/dags/kafka_streaming.py
[2024-09-15T14:22:52.900+0000] {logging_mixin.py:190} INFO - [2024-09-15T14:22:52.899+0000] {dag.py:3229} INFO - Sync 1 DAGs
[2024-09-15T14:22:52.934+0000] {logging_mixin.py:190} INFO - [2024-09-15T14:22:52.934+0000] {dag.py:4156} INFO - Setting next_dagrun for user_automate to 2024-09-15 10:00:00+00:00, run_after=2024-09-16 10:00:00+00:00
[2024-09-15T14:22:52.970+0000] {processor.py:208} INFO - Processing /opt/airflow/dags/kafka_streaming.py took 0.496 seconds
[2024-09-15T14:23:24.249+0000] {processor.py:186} INFO - Started process (PID=51) to work on /opt/airflow/dags/kafka_streaming.py
[2024-09-15T14:23:24.254+0000] {processor.py:914} INFO - Processing file /opt/airflow/dags/kafka_streaming.py for tasks to queue
[2024-09-15T14:23:24.263+0000] {logging_mixin.py:190} INFO - [2024-09-15T14:23:24.260+0000] {dagbag.py:587} INFO - Filling up the DagBag from /opt/airflow/dags/kafka_streaming.py
[2024-09-15T14:23:24.423+0000] {processor.py:925} INFO - DAG(s) 'user_automate' retrieved from /opt/airflow/dags/kafka_streaming.py
[2024-09-15T14:23:24.635+0000] {logging_mixin.py:190} INFO - [2024-09-15T14:23:24.634+0000] {dag.py:3229} INFO - Sync 1 DAGs
[2024-09-15T14:23:24.680+0000] {logging_mixin.py:190} INFO - [2024-09-15T14:23:24.679+0000] {dag.py:4156} INFO - Setting next_dagrun for user_automate to 2024-09-15 10:00:00+00:00, run_after=2024-09-16 10:00:00+00:00
[2024-09-15T14:23:24.730+0000] {processor.py:208} INFO - Processing /opt/airflow/dags/kafka_streaming.py took 0.530 seconds
[2024-09-15T14:23:54.908+0000] {processor.py:186} INFO - Started process (PID=52) to work on /opt/airflow/dags/kafka_streaming.py
[2024-09-15T14:23:54.910+0000] {processor.py:914} INFO - Processing file /opt/airflow/dags/kafka_streaming.py for tasks to queue
[2024-09-15T14:23:54.913+0000] {logging_mixin.py:190} INFO - [2024-09-15T14:23:54.913+0000] {dagbag.py:587} INFO - Filling up the DagBag from /opt/airflow/dags/kafka_streaming.py
[2024-09-15T14:23:55.029+0000] {processor.py:925} INFO - DAG(s) 'user_automate' retrieved from /opt/airflow/dags/kafka_streaming.py
[2024-09-15T14:23:55.168+0000] {logging_mixin.py:190} INFO - [2024-09-15T14:23:55.168+0000] {dag.py:3229} INFO - Sync 1 DAGs
[2024-09-15T14:23:55.199+0000] {logging_mixin.py:190} INFO - [2024-09-15T14:23:55.199+0000] {dag.py:4156} INFO - Setting next_dagrun for user_automate to 2024-09-15 10:00:00+00:00, run_after=2024-09-16 10:00:00+00:00
[2024-09-15T14:23:55.234+0000] {processor.py:208} INFO - Processing /opt/airflow/dags/kafka_streaming.py took 0.331 seconds
[2024-09-15T14:24:25.571+0000] {processor.py:186} INFO - Started process (PID=53) to work on /opt/airflow/dags/kafka_streaming.py
[2024-09-15T14:24:25.572+0000] {processor.py:914} INFO - Processing file /opt/airflow/dags/kafka_streaming.py for tasks to queue
[2024-09-15T14:24:25.575+0000] {logging_mixin.py:190} INFO - [2024-09-15T14:24:25.575+0000] {dagbag.py:587} INFO - Filling up the DagBag from /opt/airflow/dags/kafka_streaming.py
[2024-09-15T14:24:25.698+0000] {processor.py:925} INFO - DAG(s) 'user_automate' retrieved from /opt/airflow/dags/kafka_streaming.py
[2024-09-15T14:24:25.927+0000] {logging_mixin.py:190} INFO - [2024-09-15T14:24:25.924+0000] {dag.py:3229} INFO - Sync 1 DAGs
[2024-09-15T14:24:26.464+0000] {logging_mixin.py:190} INFO - [2024-09-15T14:24:26.463+0000] {dag.py:4156} INFO - Setting next_dagrun for user_automate to 2024-09-15 10:00:00+00:00, run_after=2024-09-16 10:00:00+00:00
[2024-09-15T14:24:26.533+0000] {processor.py:208} INFO - Processing /opt/airflow/dags/kafka_streaming.py took 0.973 seconds
[2024-09-15T14:24:57.377+0000] {processor.py:186} INFO - Started process (PID=54) to work on /opt/airflow/dags/kafka_streaming.py
[2024-09-15T14:24:57.382+0000] {processor.py:914} INFO - Processing file /opt/airflow/dags/kafka_streaming.py for tasks to queue
[2024-09-15T14:24:57.389+0000] {logging_mixin.py:190} INFO - [2024-09-15T14:24:57.388+0000] {dagbag.py:587} INFO - Filling up the DagBag from /opt/airflow/dags/kafka_streaming.py
[2024-09-15T14:24:57.659+0000] {processor.py:925} INFO - DAG(s) 'user_automate' retrieved from /opt/airflow/dags/kafka_streaming.py
[2024-09-15T14:24:57.951+0000] {logging_mixin.py:190} INFO - [2024-09-15T14:24:57.951+0000] {dag.py:3229} INFO - Sync 1 DAGs
[2024-09-15T14:24:58.002+0000] {logging_mixin.py:190} INFO - [2024-09-15T14:24:58.002+0000] {dag.py:4156} INFO - Setting next_dagrun for user_automate to 2024-09-15 10:00:00+00:00, run_after=2024-09-16 10:00:00+00:00
[2024-09-15T14:24:58.058+0000] {processor.py:208} INFO - Processing /opt/airflow/dags/kafka_streaming.py took 0.695 seconds
[2024-09-15T14:25:28.856+0000] {processor.py:186} INFO - Started process (PID=55) to work on /opt/airflow/dags/kafka_streaming.py
[2024-09-15T14:25:28.858+0000] {processor.py:914} INFO - Processing file /opt/airflow/dags/kafka_streaming.py for tasks to queue
[2024-09-15T14:25:28.861+0000] {logging_mixin.py:190} INFO - [2024-09-15T14:25:28.861+0000] {dagbag.py:587} INFO - Filling up the DagBag from /opt/airflow/dags/kafka_streaming.py
[2024-09-15T14:25:29.556+0000] {processor.py:925} INFO - DAG(s) 'user_automate' retrieved from /opt/airflow/dags/kafka_streaming.py
[2024-09-15T14:25:29.985+0000] {logging_mixin.py:190} INFO - [2024-09-15T14:25:29.985+0000] {dag.py:3229} INFO - Sync 1 DAGs
[2024-09-15T14:25:30.049+0000] {logging_mixin.py:190} INFO - [2024-09-15T14:25:30.048+0000] {dag.py:4156} INFO - Setting next_dagrun for user_automate to 2024-09-15 10:00:00+00:00, run_after=2024-09-16 10:00:00+00:00
[2024-09-15T14:25:30.105+0000] {processor.py:208} INFO - Processing /opt/airflow/dags/kafka_streaming.py took 1.257 seconds
